[21:22:57] [main/INFO]: Logging in with username & password
[21:23:00] [main/INFO]: Setting user: kalbytron
[21:23:01] [Client thread/INFO]: LWJGL Version: 2.9.1
[21:23:08] [Client thread/INFO]: Reloading ResourceManager: Default, FMLFileResourcePack:Forge Mod Loader, FMLFileResourcePack:Minecraft Forge, FMLFileResourcePack:Lets Mod Reboot
[21:23:08] [Sound Library Loader/INFO]: Sound engine started
[21:23:09] [Client thread/INFO]: Created: 16x16 textures/blocks-atlas
[21:23:09] [Client thread/INFO]: Created: 16x16 textures/items-atlas
[21:23:09] [Client thread/INFO]: Reloading ResourceManager: Default, FMLFileResourcePack:Forge Mod Loader, FMLFileResourcePack:Minecraft Forge, FMLFileResourcePack:Lets Mod Reboot
[21:23:09] [Client thread/INFO]: Created: 512x256 textures/blocks-atlas
[21:23:09] [Client thread/INFO]: Created: 256x256 textures/items-atlas
[21:23:10] [Sound Library Loader/INFO]: Sound engine started
[21:23:12] [Server thread/INFO]: Starting integrated minecraft server version 1.7.10
[21:23:12] [Server thread/INFO]: Generating keypair
[21:23:12] [Server thread/INFO]: Preparing start region for level 0
[21:23:12] [Server thread/INFO]: Changing view distance to 12, from 10
[21:23:13] [Server thread/INFO]: kalbytron[local:E:de7f8567] logged in with entity id 84 at (722.7350054908628, 6.0, -299.19066809723336)
[21:23:13] [Server thread/INFO]: kalbytron joined the game
[21:24:05] [Server thread/INFO]: Saving and pausing game...
[21:24:05] [Server thread/INFO]: Saving chunks for level 'Test World #1'/Overworld
[21:24:05] [Server thread/INFO]: Saving chunks for level 'Test World #1'/Nether
[21:24:05] [Server thread/INFO]: Saving chunks for level 'Test World #1'/The End
[21:24:05] [Server thread/INFO]: Stopping server
[21:24:05] [Server thread/INFO]: Saving players
[21:24:05] [Server thread/INFO]: Saving worlds
[21:24:05] [Server thread/INFO]: Saving chunks for level 'Test World #1'/Overworld
[21:24:05] [Server thread/INFO]: Saving chunks for level 'Test World #1'/Nether
[21:24:05] [Server thread/INFO]: Saving chunks for level 'Test World #1'/The End
[21:24:22] [Client thread/INFO]: Stopping!
